<?xml version="1.0" encoding="UTF-8"?>
<Site BuildName="Linux-g++"
	BuildStamp="20240924-1519-Experimental"
	Name="codespaces-6745cc"
	Generator="ctest-3.25.1"
	CompilerName="/usr/bin/g++"
	CompilerVersion="12.2.0"
	OSName="Linux"
	Hostname="codespaces-6745cc"
	OSRelease="6.8.0-1014-azure"
	OSVersion="#16~22.04.1-Ubuntu SMP Thu Aug 15 21:31:41 UTC 2024"
	OSPlatform="x86_64"
	Is64Bits="1"
	VendorString="AuthenticAMD"
	VendorID="Advanced Micro Devices"
	FamilyID="25"
	ModelID="1"
	ProcessorCacheSize="512"
	NumberOfLogicalCPU="2"
	NumberOfPhysicalCPU="1"
	TotalVirtualMemory="0"
	TotalPhysicalMemory="7938"
	LogicalProcessorsPerPhysical="2"
	ProcessorClockFrequency="3240.29"
	>
	<Testing>
		<StartDateTime>Sep 24 15:19 UTC</StartDateTime>
		<StartTestTime>1727191154</StartTestTime>
		<TestList/>
		<EndDateTime>Sep 24 15:19 UTC</EndDateTime>
		<EndTestTime>1727191154</EndTestTime>
		<ElapsedMinutes>0</ElapsedMinutes>
	</Testing>
</Site>
